0 silly argv {
0 silly argv   _: [ 'publish' ],
0 silly argv   composed: 'publish',
0 silly argv   lernaVersion: '8.1.3',
0 silly argv   '$0': '/Users/sundingjia1/monorepo/node_modules/.bin/lerna'
0 silly argv }
1 notice cli v8.1.3
2 verbose packageConfigs Explicit "packages" configuration found in lerna.json. Resolving packages using the configured glob(s): ["packages/*"]
3 verbose rootPath /Users/sundingjia1/monorepo
4 verbose session e12fc8542b656388
5 verbose user-agent lerna/8.1.3/node@v16.20.2+arm64 (darwin)
6 warn Yarn's registry proxy is broken, replacing with public npm registry
7 warn If you don't have an npm token, you should exit and run `npm login`
8 silly argv { _: [ 'publish' ], composed: 'publish', lernaVersion: '8.1.3' }
9 verbose packageConfigs Explicit "packages" configuration found in lerna.json. Resolving packages using the configured glob(s): ["packages/*"]
10 verbose rootPath /Users/sundingjia1/monorepo
11 info current version 0.0.6
12 silly isAnythingCommitted
13 verbose isAnythingCommitted 1
14 silly getCurrentBranch
15 verbose currentBranch master
16 silly remoteBranchExists
17 silly isBehindUpstream
18 silly isBehindUpstream master is behind origin/master by 0 commit(s) and ahead by 0
19 silly hasTags
20 verbose hasTags true
21 silly git-describe.sync "v0.0.6-1-g2c3826a" => {"lastTagName":"v0.0.6","lastVersion":"v0.0.6","refCount":"1","sha":"2c3826a","isDirty":false}
22 info Looking for changed packages since v0.0.6
23 silly checking diff packages/childone
24 silly found diff in packages/childone/src/main.js
25 verbose filtered diff [ 'packages/childone/src/main.js' ]
26 silly checking diff packages/main
27 silly no diff found in @dingjia/main
28 verbose updated @dingjia/childone
29 verbose git-describe undefined => "v0.0.6-1-g2c3826a"
30 silly git-describe parsed => {"lastTagName":"v0.0.6","lastVersion":"v0.0.6","refCount":"1","sha":"2c3826a","isDirty":false}
31 info execute Skipping releases
32 silly lifecycle No script for "preversion" in "root", continuing
33 silly lifecycle No script for "preversion" in "@dingjia/childone", continuing
34 silly lifecycle No script for "preversion" in "@dingjia/main", continuing
35 verbose version @dingjia/main has no lockfile. Skipping lockfile update.
36 verbose version @dingjia/childone has no lockfile. Skipping lockfile update.
37 silly lifecycle No script for "version" in "@dingjia/main", continuing
38 silly lifecycle No script for "version" in "@dingjia/childone", continuing
39 silly lifecycle No script for "version" in "root", continuing
40 verbose version Detected yarn version 1.22.22
41 silly gitAdd [
41 silly gitAdd   'packages/main/package.json',
41 silly gitAdd   'packages/childone/package.json',
41 silly gitAdd   'lerna.json'
41 silly gitAdd ]
42 silly gitCommit v0.0.7
43 verbose git [ 'commit', '-m', 'v0.0.7' ]
44 silly gitTag v0.0.7 git tag %s -m %s
45 verbose git [ 'tag', 'v0.0.7', '-m', 'v0.0.7' ]
46 silly lifecycle No script for "postversion" in "@dingjia/childone", continuing
47 silly lifecycle No script for "postversion" in "@dingjia/main", continuing
48 silly lifecycle No script for "postversion" in "root", continuing
49 info git Pushing tags...
50 silly gitPush origin master
51 info publish Publishing packages to npm...
52 warn ENOLICENSE Packages @dingjia/childone and @dingjia/main are missing a license.
52 warn ENOLICENSE One way to fix this is to add a LICENSE.md file to the root of this repository.
52 warn ENOLICENSE See https://choosealicense.com for additional guidance.
53 silly getCurrentSHA
54 verbose getCurrentSHA bd2900be9d14c5917a30cc5c5ea1e4ff59dbcc0a
55 silly lifecycle No script for "prepublish" in "root", continuing
56 silly lifecycle No script for "prepare" in "root", continuing
57 silly lifecycle No script for "prepublishOnly" in "root", continuing
58 silly lifecycle No script for "prepack" in "root", continuing
59 verbose pack-directory packages/childone
60 verbose pack-directory packages/main
61 silly lifecycle No script for "prepublish" in "@dingjia/childone", continuing
62 silly lifecycle No script for "prepublish" in "@dingjia/main", continuing
63 silly lifecycle No script for "prepare" in "@dingjia/childone", continuing
64 silly lifecycle No script for "prepare" in "@dingjia/main", continuing
65 silly lifecycle No script for "prepublishOnly" in "@dingjia/main", continuing
66 silly lifecycle No script for "prepublishOnly" in "@dingjia/childone", continuing
67 silly lifecycle No script for "prepack" in "@dingjia/main", continuing
68 silly lifecycle No script for "prepack" in "@dingjia/childone", continuing
69 silly lifecycle No script for "postpack" in "@dingjia/main", continuing
70 verbose packed packages/main
71 silly lifecycle No script for "postpack" in "@dingjia/childone", continuing
72 verbose packed packages/childone
73 silly lifecycle No script for "postpack" in "root", continuing
74 verbose publish @dingjia/childone
75 verbose publish @dingjia/main
76 silly lifecycle No script for "publish" in "@dingjia/main", continuing
77 silly lifecycle No script for "postpublish" in "@dingjia/main", continuing
78 success published @dingjia/main 0.0.7
79 notice
80 notice 📦  @dingjia/main@0.0.7
81 notice === Tarball Contents ===
82 notice 889B  public/felx.html
82 notice 628B  public/index.html
82 notice 4.3kB public/favicon.ico
82 notice 53B   babel.config.js
82 notice 350B  src/main.js
82 notice 466B  src/router.js
82 notice 281B  src/single-spa.js
82 notice 1.3kB vue.config.js
82 notice 1.1kB package.json
82 notice 271B  README.md
82 notice 6.8kB src/assets/logo.png
82 notice 538B  src/App.vue
82 notice 2.0kB src/components/HelloWorld.vue
83 notice === Tarball Details ===
84 notice name:          @dingjia/main
84 notice version:       0.0.7
84 notice filename:      dingjia-main-0.0.7.tgz
84 notice package size:  11.7 kB
84 notice unpacked size: 19.0 kB
84 notice shasum:        076d33616db8ca7bf614ad4925b127d0320ed8f0
84 notice integrity:     sha512-lAfbR4D7LX9Ov[...]p0MGBSBNHttuw==
84 notice total files:   13
85 notice
86 silly FetchError: request to https://registry.npmjs.org/@dingjia%2fchildone failed, reason: socket hang up
86 silly     at ClientRequest.<anonymous> (/Users/sundingjia1/monorepo/node_modules/minipass-fetch/lib/index.js:130:14)
86 silly     at ClientRequest.emit (node:events:513:28)
86 silly     at TLSSocket.socketOnEnd (node:_http_client:518:9)
86 silly     at TLSSocket.emit (node:events:525:35)
86 silly     at endReadableNT (node:internal/streams/readable:1358:12)
86 silly     at processTicksAndRejections (node:internal/process/task_queues:83:21)
86 silly  FetchError: request to https://registry.npmjs.org/@dingjia%2fchildone failed, reason: socket hang up
86 silly     at ClientRequest.<anonymous> (/Users/sundingjia1/monorepo/node_modules/minipass-fetch/lib/index.js:130:14)
86 silly     at ClientRequest.emit (node:events:513:28)
86 silly     at TLSSocket.socketOnEnd (node:_http_client:518:9)
86 silly     at TLSSocket.emit (node:events:525:35)
86 silly     at endReadableNT (node:internal/streams/readable:1358:12)
86 silly     at processTicksAndRejections (node:internal/process/task_queues:83:21) {
86 silly   code: 'ECONNRESET',
86 silly   errno: 'ECONNRESET',
86 silly   type: 'system'
86 silly }
87 warn notice Package failed to publish: @dingjia/childone
88 error ECONNRESET request to https://registry.npmjs.org/@dingjia%2fchildone failed, reason: socket hang up
89 error errno "ECONNRESET" is not a valid exit code - exiting with code 1
90 error FetchError: request to https://registry.npmjs.org/@dingjia%2fchildone failed, reason: socket hang up
90 error     at ClientRequest.<anonymous> (/Users/sundingjia1/monorepo/node_modules/minipass-fetch/lib/index.js:130:14)
90 error     at ClientRequest.emit (node:events:513:28)
90 error     at TLSSocket.socketOnEnd (node:_http_client:518:9)
90 error     at TLSSocket.emit (node:events:525:35)
90 error     at endReadableNT (node:internal/streams/readable:1358:12)
